2017-05-30 23:15:08.374  INFO 3837 --- [main] com.fast87.Application                   : Starting Application on jojonaliui-MacBook-Pro.local with PID 3837 (/Users/jojonari/Documents/jojonari/03workspace/amugona/target/classes started by jojonari in /Users/jojonari/Documents/jojonari/03workspace/amugona)
2017-05-30 23:15:08.430  INFO 3837 --- [main] ationConfigEmbeddedWebApplicationContext : Refreshing org.springframework.boot.context.embedded.AnnotationConfigEmbeddedWebApplicationContext@2db7a79b: startup date [Tue May 30 23:15:08 KST 2017]; root of context hierarchy
2017-05-30 23:15:09.541  INFO 3837 --- [main] o.s.b.f.s.DefaultListableBeanFactory     : Overriding bean definition for bean 'beanNameViewResolver': replacing [Root bean: class [null]; scope=; abstract=false; lazyInit=false; autowireMode=3; dependencyCheck=0; autowireCandidate=true; primary=false; factoryBeanName=org.springframework.boot.autoconfigure.web.ErrorMvcAutoConfiguration$WhitelabelErrorViewConfiguration; factoryMethodName=beanNameViewResolver; initMethodName=null; destroyMethodName=(inferred); defined in class path resource [org/springframework/boot/autoconfigure/web/ErrorMvcAutoConfiguration$WhitelabelErrorViewConfiguration.class]] with [Root bean: class [null]; scope=; abstract=false; lazyInit=false; autowireMode=3; dependencyCheck=0; autowireCandidate=true; primary=false; factoryBeanName=org.springframework.boot.autoconfigure.web.WebMvcAutoConfiguration$WebMvcAutoConfigurationAdapter; factoryMethodName=beanNameViewResolver; initMethodName=null; destroyMethodName=(inferred); defined in class path resource [org/springframework/boot/autoconfigure/web/WebMvcAutoConfiguration$WebMvcAutoConfigurationAdapter.class]]
2017-05-30 23:15:10.229  INFO 3837 --- [main] trationDelegate$BeanPostProcessorChecker : Bean 'org.springframework.transaction.annotation.ProxyTransactionManagementConfiguration' of type [class org.springframework.transaction.annotation.ProxyTransactionManagementConfiguration$$EnhancerBySpringCGLIB$$585a9021] is not eligible for getting processed by all BeanPostProcessors (for example: not eligible for auto-proxying)
2017-05-30 23:15:10.249  INFO 3837 --- [main] trationDelegate$BeanPostProcessorChecker : Bean 'transactionAttributeSource' of type [class org.springframework.transaction.annotation.AnnotationTransactionAttributeSource] is not eligible for getting processed by all BeanPostProcessors (for example: not eligible for auto-proxying)
2017-05-30 23:15:10.260  INFO 3837 --- [main] trationDelegate$BeanPostProcessorChecker : Bean 'transactionInterceptor' of type [class org.springframework.transaction.interceptor.TransactionInterceptor] is not eligible for getting processed by all BeanPostProcessors (for example: not eligible for auto-proxying)
2017-05-30 23:15:10.264  INFO 3837 --- [main] trationDelegate$BeanPostProcessorChecker : Bean 'org.springframework.transaction.config.internalTransactionAdvisor' of type [class org.springframework.transaction.interceptor.BeanFactoryTransactionAttributeSourceAdvisor] is not eligible for getting processed by all BeanPostProcessors (for example: not eligible for auto-proxying)
2017-05-30 23:15:12.094  INFO 3837 --- [main] s.b.c.e.t.TomcatEmbeddedServletContainer : Tomcat initialized with port(s): 8080 (http)
2017-05-30 23:15:13.189  INFO 3837 --- [main] o.apache.catalina.core.StandardService   : Starting service Tomcat
2017-05-30 23:15:13.195  INFO 3837 --- [main] org.apache.catalina.core.StandardEngine  : Starting Servlet Engine: Apache Tomcat/8.0.23
2017-05-30 23:15:13.448  INFO 3837 --- [localhost-startStop-1] o.a.c.c.C.[Tomcat].[localhost].[/]       : Initializing Spring embedded WebApplicationContext
2017-05-30 23:15:13.449  INFO 3837 --- [localhost-startStop-1] o.s.web.context.ContextLoader            : Root WebApplicationContext: initialization completed in 5023 ms
2017-05-30 23:15:14.931  INFO 3837 --- [localhost-startStop-1] o.s.b.c.e.ServletRegistrationBean        : Mapping servlet: 'dispatcherServlet' to [/]
2017-05-30 23:15:14.935  INFO 3837 --- [localhost-startStop-1] o.s.b.c.embedded.FilterRegistrationBean  : Mapping filter: 'characterEncodingFilter' to: [/*]
2017-05-30 23:15:14.935  INFO 3837 --- [localhost-startStop-1] o.s.b.c.embedded.FilterRegistrationBean  : Mapping filter: 'hiddenHttpMethodFilter' to: [/*]
2017-05-30 23:15:16.899  INFO 3837 --- [main] j.LocalContainerEntityManagerFactoryBean : Building JPA container EntityManagerFactory for persistence unit 'default'
2017-05-30 23:15:16.910  INFO 3837 --- [main] o.hibernate.jpa.internal.util.LogHelper  : HHH000204: Processing PersistenceUnitInfo [
	name: default
	...]
2017-05-30 23:15:17.099  INFO 3837 --- [main] org.hibernate.Version                    : HHH000412: Hibernate Core {4.3.10.Final}
2017-05-30 23:15:17.100  INFO 3837 --- [main] org.hibernate.cfg.Environment            : HHH000206: hibernate.properties not found
2017-05-30 23:15:17.102  INFO 3837 --- [main] org.hibernate.cfg.Environment            : HHH000021: Bytecode provider name : javassist
2017-05-30 23:15:17.557  INFO 3837 --- [main] o.hibernate.annotations.common.Version   : HCANN000001: Hibernate Commons Annotations {4.0.5.Final}
2017-05-30 23:15:17.633  INFO 3837 --- [main] org.hibernate.dialect.Dialect            : HHH000400: Using dialect: org.hibernate.dialect.H2Dialect
2017-05-30 23:15:17.736  INFO 3837 --- [main] o.h.h.i.ast.ASTQueryTranslatorFactory    : HHH000397: Using ASTQueryTranslatorFactory
2017-05-30 23:15:18.977  INFO 3837 --- [main] org.hibernate.tool.hbm2ddl.SchemaExport  : HHH000227: Running hbm2ddl schema export
2017-05-30 23:15:18.998  INFO 3837 --- [main] org.hibernate.tool.hbm2ddl.SchemaExport  : HHH000230: Schema export complete
2017-05-30 23:15:20.310  INFO 3837 --- [main] s.w.s.m.m.a.RequestMappingHandlerAdapter : Looking for @ControllerAdvice: org.springframework.boot.context.embedded.AnnotationConfigEmbeddedWebApplicationContext@2db7a79b: startup date [Tue May 30 23:15:08 KST 2017]; root of context hierarchy
2017-05-30 23:15:20.389  INFO 3837 --- [main] s.w.s.m.m.a.RequestMappingHandlerMapping : Mapped "{[/accounts],methods=[POST]}" onto public org.springframework.http.ResponseEntity com.fast87.amugona.accounts.AccountController.createAccount(com.fast87.amugona.accounts.AccountDto$Create,org.springframework.validation.BindingResult)
2017-05-30 23:15:20.389  INFO 3837 --- [main] s.w.s.m.m.a.RequestMappingHandlerMapping : Mapped "{[/accounts],methods=[GET]}" onto public org.springframework.http.ResponseEntity com.fast87.amugona.accounts.AccountController.getAccounts(org.springframework.data.domain.Pageable)
2017-05-30 23:15:20.392  INFO 3837 --- [main] s.w.s.m.m.a.RequestMappingHandlerMapping : Mapped "{[/error]}" onto public org.springframework.http.ResponseEntity<java.util.Map<java.lang.String, java.lang.Object>> org.springframework.boot.autoconfigure.web.BasicErrorController.error(javax.servlet.http.HttpServletRequest)
2017-05-30 23:15:20.392  INFO 3837 --- [main] s.w.s.m.m.a.RequestMappingHandlerMapping : Mapped "{[/error],produces=[text/html]}" onto public org.springframework.web.servlet.ModelAndView org.springframework.boot.autoconfigure.web.BasicErrorController.errorHtml(javax.servlet.http.HttpServletRequest)
2017-05-30 23:15:20.420  INFO 3837 --- [main] o.s.w.s.handler.SimpleUrlHandlerMapping  : Mapped URL path [/webjars/**] onto handler of type [class org.springframework.web.servlet.resource.ResourceHttpRequestHandler]
2017-05-30 23:15:20.421  INFO 3837 --- [main] o.s.w.s.handler.SimpleUrlHandlerMapping  : Mapped URL path [/**] onto handler of type [class org.springframework.web.servlet.resource.ResourceHttpRequestHandler]
2017-05-30 23:15:20.455  INFO 3837 --- [main] o.s.w.s.handler.SimpleUrlHandlerMapping  : Mapped URL path [/**/favicon.ico] onto handler of type [class org.springframework.web.servlet.resource.ResourceHttpRequestHandler]
2017-05-30 23:15:20.729  INFO 3837 --- [main] o.s.j.e.a.AnnotationMBeanExporter        : Registering beans for JMX exposure on startup
2017-05-30 23:15:20.812  INFO 3837 --- [main] s.b.c.e.t.TomcatEmbeddedServletContainer : Tomcat started on port(s): 8080 (http)
2017-05-30 23:15:20.817  INFO 3837 --- [main] com.fast87.Application                   : Started Application in 22.8 seconds (JVM running for 24.147)
2017-05-30 23:15:35.233  INFO 3837 --- [Thread-1] ationConfigEmbeddedWebApplicationContext : Closing org.springframework.boot.context.embedded.AnnotationConfigEmbeddedWebApplicationContext@2db7a79b: startup date [Tue May 30 23:15:08 KST 2017]; root of context hierarchy
2017-05-30 23:15:35.237  INFO 3837 --- [Thread-1] o.s.j.e.a.AnnotationMBeanExporter        : Unregistering JMX-exposed beans on shutdown
2017-05-30 23:15:35.248  INFO 3837 --- [Thread-1] j.LocalContainerEntityManagerFactoryBean : Closing JPA EntityManagerFactory for persistence unit 'default'
2017-05-30 23:15:35.250  INFO 3837 --- [Thread-1] org.hibernate.tool.hbm2ddl.SchemaExport  : HHH000227: Running hbm2ddl schema export
2017-05-30 23:15:35.258  INFO 3837 --- [Thread-1] org.hibernate.tool.hbm2ddl.SchemaExport  : HHH000230: Schema export complete
